<?xml version="1.0" encoding="UTF-8"?>
<!-- Generated by org.testng.reporters.JUnitReportReporter -->
<testsuite skipped="0" hostname="DDC5-D-608P3MJ" name="Mypack99.Demo_ng" tests="3" failures="0" timestamp="01 Aug 2019 05:20:01 GMT" time="0.045" errors="0">
  <testcase name="register" time="0.004" classname="Mypack99.Demo_ng"/>
  <testcase name="logout" time="0.034" classname="Mypack99.Demo_ng"/>
  <testcase name="login" time="0.007" classname="Mypack99.Demo_ng"/>
</testsuite> <!-- Mypack99.Demo_ng -->
