<?xml version="1.0" encoding="UTF-8"?>
<!-- Generated by org.testng.reporters.JUnitReportReporter -->
<testsuite skipped="0" hostname="DDC5-D-608P3MJ" name="Mypack99.Search" tests="1" failures="0" timestamp="05 Aug 2019 03:54:36 GMT" time="25.546" errors="0">
  <testcase name="f" time="25.546" classname="Mypack99.Search"/>
</testsuite> <!-- Mypack99.Search -->
