<?xml version="1.0" encoding="UTF-8"?>
<!-- Generated by org.testng.reporters.JUnitReportReporter -->
<testsuite skipped="0" hostname="DDC5-D-608P3MJ" name="Mypack99.Demo" tests="2" failures="0" timestamp="05 Aug 2019 03:25:20 GMT" time="0.057" errors="0">
  <testcase name="f" time="0.020" classname="Mypack99.Demo"/>
  <testcase name="f" time="0.037" classname="Mypack99.Demo"/>
</testsuite> <!-- Mypack99.Demo -->
