<?xml version="1.0" encoding="UTF-8"?>
<!-- Generated by org.testng.reporters.JUnitReportReporter -->
<testsuite skipped="1" hostname="DDC5-D-608P3MJ" name="Mypack99.Contact" tests="2" failures="0" timestamp="02 Aug 2019 09:05:11 GMT" time="15.545" errors="0">
  <testcase name="AlertDemo" time="15.545" classname="Mypack99.Contact"/>
  <testcase name="f" classname="Mypack99.Contact">
    <skipped/>
  </testcase> <!-- f -->
</testsuite> <!-- Mypack99.Contact -->
