<?xml version="1.0" encoding="UTF-8"?>
<!-- Generated by org.testng.reporters.JUnitReportReporter -->
<testsuite skipped="0" hostname="DDC5-D-608P3MJ" name="Mypack99.Test1" tests="1" failures="0" timestamp="06 Aug 2019 06:49:17 GMT" time="26.132" errors="0">
  <testcase name="f" time="26.132" classname="Mypack99.Test1"/>
</testsuite> <!-- Mypack99.Test1 -->
