<?xml version="1.0" encoding="UTF-8"?>
<!-- Generated by org.testng.reporters.JUnitReportReporter -->
<testsuite skipped="0" hostname="DDC5-D-608P3MJ" name="Mypack99.links" tests="1" failures="0" timestamp="02 Aug 2019 04:10:20 GMT" time="14.828" errors="0">
  <testcase name="f" time="14.828" classname="Mypack99.links"/>
</testsuite> <!-- Mypack99.links -->
