<?xml version="1.0" encoding="UTF-8"?>
<!-- Generated by org.testng.reporters.JUnitReportReporter -->
<testsuite skipped="0" hostname="DDC5-D-608P3MJ" name="Mypack99.DragAndDrop" tests="1" failures="0" timestamp="02 Aug 2019 10:54:33 GMT" time="25.659" errors="0">
  <testcase name="f" time="25.659" classname="Mypack99.DragAndDrop"/>
</testsuite> <!-- Mypack99.DragAndDrop -->
