<?xml version="1.0" encoding="UTF-8"?>
<!-- Generated by org.testng.reporters.JUnitReportReporter -->
<testsuite skipped="0" hostname="DDC5-D-608P3MJ" name="Mypack99.DP2" tests="1" failures="0" timestamp="01 Aug 2019 07:22:17 GMT" time="0.040" errors="0">
  <testcase name="order" time="0.040" classname="Mypack99.DP2"/>
</testsuite> <!-- Mypack99.DP2 -->
