<?xml version="1.0" encoding="UTF-8"?>
<!-- Generated by org.testng.reporters.JUnitReportReporter -->
<testsuite skipped="1" hostname="DDC5-D-608P3MJ" name="Mypack99.CreateWorkbook" tests="2" failures="0" timestamp="05 Aug 2019 09:51:46 GMT" time="4.469" errors="0">
  <testcase name="Read" time="4.469" classname="Mypack99.CreateWorkbook"/>
  <testcase name="f" classname="Mypack99.CreateWorkbook">
    <skipped/>
  </testcase> <!-- f -->
</testsuite> <!-- Mypack99.CreateWorkbook -->
