<?xml version="1.0" encoding="UTF-8"?>
<!-- Generated by org.testng.reporters.JUnitReportReporter -->
<testsuite skipped="0" hostname="DDC5-D-608P3MJ" name="Mypack99.NewTest" tests="2" failures="0" timestamp="01 Aug 2019 09:02:13 GMT" time="68.106" errors="0">
  <testcase name="f" time="30.213" classname="Mypack99.NewTest"/>
  <testcase name="f" time="37.893" classname="Mypack99.NewTest"/>
</testsuite> <!-- Mypack99.NewTest -->
